[captainjack.io/index.html]
[captainjack.io/assets/favicon.png]
[backblue.gif]
[fade.gif]
[index.html]
[captainjack.io/assets/thumbnail.jpg]
[captainjack.io/assets/logo.jpg]
[captainjack.io/style.css]
[captainjack.io/assets/logo.png]
[captainjack.io/assets/x_logo.svg]
[captainjack.io/assets/telegram.svg]
[captainjack.io/assets/instagram.svg]
[captainjack.io/index.html]
[captainjack.io/assets/dexscreener.svg]
[captainjack.io/assets/bg.jpg]
[captainjack.io/assets/back.jpg]
[captainjack.io/style.css]
[captainjack.io/assets/x_logo.svg]
[captainjack.io/assets/telegram.svg]
[captainjack.io/assets/instagram.svg]
[captainjack.io/assets/dexscreener.svg]
